<?xml version="1.0" encoding="UTF-8"?>
<!-- Generated by org.testng.reporters.JUnitReportReporter -->
<testsuite hostname="ljf001819-1" name="com.cases.add_prj" tests="1" failures="0" timestamp="9 Jan 2017 01:21:06 GMT" time="72.531" errors="0">
  <testcase name="test" time="72.531" classname="com.cases.add_prj"/>
</testsuite> <!-- com.cases.add_prj -->
