<?xml version="1.0" encoding="UTF-8"?>
<!-- Generated by org.testng.reporters.JUnitReportReporter -->
<testsuite hostname="yjf001819-3" name="com.cases.qqjf" tests="1" failures="0" timestamp="16 Oct 2018 07:49:42 GMT" time="126.676" errors="0">
  <testcase name="test" time="126.676" classname="com.cases.qqjf"/>
</testsuite> <!-- com.cases.qqjf -->
