<?xml version="1.0" encoding="UTF-8"?>
<!-- Generated by org.testng.reporters.JUnitReportReporter -->
<testsuite hostname="ljf001819-1" name="com.cases.ubsp" tests="1" failures="0" timestamp="4 Jan 2017 02:34:41 GMT" time="101.558" errors="0">
  <testcase name="test" time="101.558" classname="com.cases.ubsp"/>
</testsuite> <!-- com.cases.ubsp -->
